\BOOKMARK [0][-]{chapter.1}{\376\377\0001\000\040\004\024\004\076\004\072\004\103\004\074\004\065\004\075\004\102\004\060\004\106\004\070\004\117\000\040\000R\000a\000d\000i\000o\000o\000o\000o\000o\000-\000Q\000t}{}% 1
\BOOKMARK [1][-]{section.1.1}{\376\377\0001\000.\0001\000\040\004\032\004\073\004\060\004\101\004\101\004\113\000:}{chapter.1}% 2
\BOOKMARK [1][-]{section.1.2}{\376\377\0001\000.\0002\000\040\004\027\004\060\004\063\004\076\004\073\004\076\004\062\004\076\004\107\004\075\004\113\004\065\000\040\004\104\004\060\004\071\004\073\004\113\000:}{chapter.1}% 3
\BOOKMARK [1][-]{section.1.3}{\376\377\0001\000.\0003\000\040\004\041\004\070\004\063\004\075\004\060\004\073\004\113\000\040\004\070\000\040\004\101\004\073\004\076\004\102\004\113}{chapter.1}% 4
\BOOKMARK [0][-]{chapter.2}{\376\377\0002\000\040\004\041\004\077\004\070\004\101\004\076\004\072\000\040\004\067\004\060\004\064\004\060\004\107}{}% 5
\BOOKMARK [0][-]{chapter.3}{\376\377\0003\000\040\004\020\004\073\004\104\004\060\004\062\004\070\004\102\004\075\004\113\004\071\000\040\004\103\004\072\004\060\004\067\004\060\004\102\004\065\004\073\004\114\000\040\004\063\004\100\004\103\004\077\004\077}{}% 6
\BOOKMARK [1][-]{section.3.1}{\376\377\0003\000.\0001\000\040\004\023\004\100\004\103\004\077\004\077\004\113}{chapter.3}% 7
\BOOKMARK [0][-]{chapter.4}{\376\377\0004\000\040\004\030\004\065\004\100\004\060\004\100\004\105\004\070\004\107\004\065\004\101\004\072\004\070\004\071\000\040\004\101\004\077\004\070\004\101\004\076\004\072\000\040\004\072\004\073\004\060\004\101\004\101\004\076\004\062}{}% 8
\BOOKMARK [1][-]{section.4.1}{\376\377\0004\000.\0001\000\040\004\030\004\065\004\100\004\060\004\100\004\105\004\070\004\117\000\040\004\072\004\073\004\060\004\101\004\101\004\076\004\062}{chapter.4}% 9
\BOOKMARK [0][-]{chapter.5}{\376\377\0005\000\040\004\020\004\073\004\104\004\060\004\062\004\070\004\102\004\075\004\113\004\071\000\040\004\103\004\072\004\060\004\067\004\060\004\102\004\065\004\073\004\114\000\040\004\072\004\073\004\060\004\101\004\101\004\076\004\062}{}% 10
\BOOKMARK [1][-]{section.5.1}{\376\377\0005\000.\0001\000\040\004\032\004\073\004\060\004\101\004\101\004\113}{chapter.5}% 11
\BOOKMARK [0][-]{chapter.6}{\376\377\0006\000\040\004\023\004\100\004\103\004\077\004\077\004\113}{}% 12
\BOOKMARK [1][-]{section.6.1}{\376\377\0006\000.\0001\000\040\004\036\004\101\004\075\004\076\004\062\004\060\000\040\000C\000o\000n\000f\000i\000g\000u\000r\000a\000t\000o\000r}{chapter.6}% 13
\BOOKMARK [2][-]{subsection.6.1.1}{\376\377\0006\000.\0001\000.\0001\000\040\004\037\004\076\004\064\004\100\004\076\004\061\004\075\004\076\004\065\000\040\004\076\004\077\004\070\004\101\004\060\004\075\004\070\004\065}{section.6.1}% 14
\BOOKMARK [2][-]{subsection.6.1.2}{\376\377\0006\000.\0001\000.\0002\000\040\004\044\004\103\004\075\004\072\004\106\004\070\004\070}{section.6.1}% 15
\BOOKMARK [3][-]{subsubsection.6.1.2.1}{\376\377\0006\000.\0001\000.\0002\000.\0001\000\040\000C\000o\000n\000f\000i\000g\000u\000r\000a\000t\000o\000r\000\050\000\051}{subsection.6.1.2}% 16
\BOOKMARK [1][-]{section.6.2}{\376\377\0006\000.\0002\000\040\004\044\004\060\004\071\004\073\004\076\004\062\004\060\004\117\000\040\004\101\004\070\004\101\004\102\004\065\004\074\004\060}{chapter.6}% 17
\BOOKMARK [2][-]{subsection.6.2.1}{\376\377\0006\000.\0002\000.\0001\000\040\004\037\004\076\004\064\004\100\004\076\004\061\004\075\004\076\004\065\000\040\004\076\004\077\004\070\004\101\004\060\004\075\004\070\004\065}{section.6.2}% 18
\BOOKMARK [1][-]{section.6.3}{\376\377\0006\000.\0003\000\040\004\035\004\060\004\101\004\102\004\100\004\076\004\071\004\072\004\070}{chapter.6}% 19
\BOOKMARK [2][-]{subsection.6.3.1}{\376\377\0006\000.\0003\000.\0001\000\040\004\037\004\076\004\064\004\100\004\076\004\061\004\075\004\076\004\065\000\040\004\076\004\077\004\070\004\101\004\060\004\075\004\070\004\065}{section.6.3}% 20
\BOOKMARK [2][-]{subsection.6.3.2}{\376\377\0006\000.\0003\000.\0002\000\040\004\044\004\103\004\075\004\072\004\106\004\070\004\070}{section.6.3}% 21
\BOOKMARK [3][-]{subsubsection.6.3.2.1}{\376\377\0006\000.\0003\000.\0002\000.\0001\000\040\000c\000o\000n\000f\000i\000g\000T\000o\000J\000s\000o\000n\000\050\000\051}{subsection.6.3.2}% 22
\BOOKMARK [3][-]{subsubsection.6.3.2.2}{\376\377\0006\000.\0003\000.\0002\000.\0002\000\040\000g\000e\000t\000C\000o\000n\000f\000i\000g\000\050\000\051}{subsection.6.3.2}% 23
\BOOKMARK [3][-]{subsubsection.6.3.2.3}{\376\377\0006\000.\0003\000.\0002\000.\0003\000\040\000g\000e\000t\000C\000o\000n\000f\000i\000g\000S\000t\000r\000\050\000\051}{subsection.6.3.2}% 24
\BOOKMARK [3][-]{subsubsection.6.3.2.4}{\376\377\0006\000.\0003\000.\0002\000.\0004\000\040\000g\000e\000t\000Q\000u\000i\000c\000k\000C\000o\000u\000n\000t\000r\000i\000e\000s\000\050\000\051}{subsection.6.3.2}% 25
\BOOKMARK [3][-]{subsubsection.6.3.2.5}{\376\377\0006\000.\0003\000.\0002\000.\0005\000\040\000u\000p\000d\000a\000t\000e\000C\000o\000n\000f\000i\000g\000\050\000\051}{subsection.6.3.2}% 26
\BOOKMARK [1][-]{section.6.4}{\376\377\0006\000.\0004\000\040\004\032\004\076\004\075\004\101\004\102\004\060\004\075\004\102\004\113}{chapter.6}% 27
\BOOKMARK [2][-]{subsection.6.4.1}{\376\377\0006\000.\0004\000.\0001\000\040\004\037\004\076\004\064\004\100\004\076\004\061\004\075\004\076\004\065\000\040\004\076\004\077\004\070\004\101\004\060\004\075\004\070\004\065}{section.6.4}% 28
\BOOKMARK [2][-]{subsection.6.4.2}{\376\377\0006\000.\0004\000.\0002\000\040\004\037\004\065\004\100\004\065\004\074\004\065\004\075\004\075\004\113\004\065}{section.6.4}% 29
\BOOKMARK [3][-]{subsubsection.6.4.2.1}{\376\377\0006\000.\0004\000.\0002\000.\0001\000\040\000d\000e\000f\000C\000o\000n\000f\000i\000g}{subsection.6.4.2}% 30
\BOOKMARK [3][-]{subsubsection.6.4.2.2}{\376\377\0006\000.\0004\000.\0002\000.\0002\000\040\000q\000u\000i\000c\000k\000S\000e\000t\000u\000p\000C\000o\000u\000n\000t\000r\000i\000e\000s}{subsection.6.4.2}% 31
\BOOKMARK [1][-]{section.6.5}{\376\377\0006\000.\0005\000\040\004\036\004\101\004\075\004\076\004\062\004\060\000\040\000R\000a\000d\000i\000o\000o\000o\000o\000o}{chapter.6}% 32
\BOOKMARK [2][-]{subsection.6.5.1}{\376\377\0006\000.\0005\000.\0001\000\040\004\037\004\076\004\064\004\100\004\076\004\061\004\075\004\076\004\065\000\040\004\076\004\077\004\070\004\101\004\060\004\075\004\070\004\065}{section.6.5}% 33
\BOOKMARK [2][-]{subsection.6.5.2}{\376\377\0006\000.\0005\000.\0002\000\040\004\044\004\103\004\075\004\072\004\106\004\070\004\070}{section.6.5}% 34
\BOOKMARK [3][-]{subsubsection.6.5.2.1}{\376\377\0006\000.\0005\000.\0002\000.\0001\000\040\000R\000a\000d\000i\000o\000o\000o\000o\000o\000\050\000\051}{subsection.6.5.2}% 35
\BOOKMARK [1][-]{section.6.6}{\376\377\0006\000.\0006\000\040\000A\000P\000I}{chapter.6}% 36
\BOOKMARK [2][-]{subsection.6.6.1}{\376\377\0006\000.\0006\000.\0001\000\040\004\037\004\076\004\064\004\100\004\076\004\061\004\075\004\076\004\065\000\040\004\076\004\077\004\070\004\101\004\060\004\075\004\070\004\065}{section.6.6}% 37
\BOOKMARK [2][-]{subsection.6.6.2}{\376\377\0006\000.\0006\000.\0002\000\040\004\044\004\103\004\075\004\072\004\106\004\070\004\070}{section.6.6}% 38
\BOOKMARK [3][-]{subsubsection.6.6.2.1}{\376\377\0006\000.\0006\000.\0002\000.\0001\000\040\000d\000o\000w\000n\000l\000o\000a\000d\000F\000i\000l\000e\000\050\000\051}{subsection.6.6.2}% 39
\BOOKMARK [3][-]{subsubsection.6.6.2.2}{\376\377\0006\000.\0006\000.\0002\000.\0002\000\040\000g\000e\000t\000C\000o\000u\000n\000t\000r\000i\000e\000s\000\050\000\051}{subsection.6.6.2}% 40
\BOOKMARK [3][-]{subsubsection.6.6.2.3}{\376\377\0006\000.\0006\000.\0002\000.\0003\000\040\000g\000e\000t\000S\000o\000n\000g\000I\000n\000f\000o\000\050\000\051}{subsection.6.6.2}% 41
\BOOKMARK [3][-]{subsubsection.6.6.2.4}{\376\377\0006\000.\0006\000.\0002\000.\0004\000\040\000s\000a\000v\000e\000F\000i\000l\000e\000\050\000\051}{subsection.6.6.2}% 42
\BOOKMARK [1][-]{section.6.7}{\376\377\0006\000.\0007\000\040\004\034\004\065\004\064\004\070\004\060\004\077\004\073\004\065\004\065\004\100}{chapter.6}% 43
\BOOKMARK [2][-]{subsection.6.7.1}{\376\377\0006\000.\0007\000.\0001\000\040\004\037\004\076\004\064\004\100\004\076\004\061\004\075\004\076\004\065\000\040\004\076\004\077\004\070\004\101\004\060\004\075\004\070\004\065}{section.6.7}% 44
\BOOKMARK [1][-]{section.6.8}{\376\377\0006\000.\0008\000\040\004\041\004\070\004\063\004\075\004\060\004\073\004\113\000\040\000R\000a\000d\000i\000o\000o\000o\000o\000o}{chapter.6}% 45
\BOOKMARK [2][-]{subsection.6.8.1}{\376\377\0006\000.\0008\000.\0001\000\040\004\037\004\076\004\064\004\100\004\076\004\061\004\075\004\076\004\065\000\040\004\076\004\077\004\070\004\101\004\060\004\075\004\070\004\065}{section.6.8}% 46
\BOOKMARK [2][-]{subsection.6.8.2}{\376\377\0006\000.\0008\000.\0002\000\040\004\041\004\070\004\063\004\075\004\060\004\073\004\113}{section.6.8}% 47
\BOOKMARK [3][-]{subsubsection.6.8.2.1}{\376\377\0006\000.\0008\000.\0002\000.\0001\000\040\000f\000o\000r\000c\000e\000P\000a\000u\000s\000e}{subsection.6.8.2}% 48
\BOOKMARK [3][-]{subsubsection.6.8.2.2}{\376\377\0006\000.\0008\000.\0002\000.\0002\000\040\000u\000p\000d\000a\000t\000e\000P\000r\000o\000g\000r\000e\000s\000s\000B\000a\000r}{subsection.6.8.2}% 49
\BOOKMARK [3][-]{subsubsection.6.8.2.3}{\376\377\0006\000.\0008\000.\0002\000.\0003\000\040\000u\000p\000d\000a\000t\000e\000S\000t\000a\000t\000u\000s\000M\000s\000g}{subsection.6.8.2}% 50
\BOOKMARK [1][-]{section.6.9}{\376\377\0006\000.\0009\000\040\004\041\004\073\004\076\004\102\004\113\000\040\000R\000a\000d\000i\000o\000o\000o\000o\000o}{chapter.6}% 51
\BOOKMARK [2][-]{subsection.6.9.1}{\376\377\0006\000.\0009\000.\0001\000\040\004\037\004\076\004\064\004\100\004\076\004\061\004\075\004\076\004\065\000\040\004\076\004\077\004\070\004\101\004\060\004\075\004\070\004\065}{section.6.9}% 52
\BOOKMARK [2][-]{subsection.6.9.2}{\376\377\0006\000.\0009\000.\0002\000\040\004\036\004\102\004\072\004\100\004\113\004\102\004\113\004\065\000\040\004\101\004\073\004\076\004\102\004\113}{section.6.9}% 53
\BOOKMARK [3][-]{subsubsection.6.9.2.1}{\376\377\0006\000.\0009\000.\0002\000.\0001\000\040\000d\000u\000r\000a\000t\000i\000o\000n\000C\000h\000a\000n\000g\000e\000d}{subsection.6.9.2}% 54
\BOOKMARK [3][-]{subsubsection.6.9.2.2}{\376\377\0006\000.\0009\000.\0002\000.\0002\000\040\000g\000e\000t\000M\000a\000x\000D\000e\000a\000c\000d\000e}{subsection.6.9.2}% 55
\BOOKMARK [3][-]{subsubsection.6.9.2.3}{\376\377\0006\000.\0009\000.\0002\000.\0003\000\040\000g\000e\000t\000M\000i\000n\000D\000e\000c\000a\000d\000e}{subsection.6.9.2}% 56
\BOOKMARK [3][-]{subsubsection.6.9.2.4}{\376\377\0006\000.\0009\000.\0002\000.\0004\000\040\000g\000e\000t\000M\000o\000o\000d\000s}{subsection.6.9.2}% 57
\BOOKMARK [3][-]{subsubsection.6.9.2.5}{\376\377\0006\000.\0009\000.\0002\000.\0005\000\040\000g\000e\000t\000Q\000u\000i\000c\000k\000C\000o\000u\000n\000t\000r\000i\000e\000s}{subsection.6.9.2}% 58
\BOOKMARK [3][-]{subsubsection.6.9.2.6}{\376\377\0006\000.\0009\000.\0002\000.\0006\000\040\000l\000o\000a\000d\000C\000o\000n\000f\000i\000g}{subsection.6.9.2}% 59
\BOOKMARK [3][-]{subsubsection.6.9.2.7}{\376\377\0006\000.\0009\000.\0002\000.\0007\000\040\000p\000l\000a\000y\000T\000r\000i\000g\000g\000e\000r}{subsection.6.9.2}% 60
\BOOKMARK [3][-]{subsubsection.6.9.2.8}{\376\377\0006\000.\0009\000.\0002\000.\0008\000\040\000s\000e\000t\000V\000o\000l\000u\000m\000e}{subsection.6.9.2}% 61
\BOOKMARK [3][-]{subsubsection.6.9.2.9}{\376\377\0006\000.\0009\000.\0002\000.\0009\000\040\000s\000t\000a\000t\000e\000C\000h\000a\000n\000g\000e\000d}{subsection.6.9.2}% 62
\BOOKMARK [3][-]{subsubsection.6.9.2.10}{\376\377\0006\000.\0009\000.\0002\000.\0001\0000\000\040\000u\000p\000d\000a\000t\000e\000C\000o\000n\000f\000i\000g}{subsection.6.9.2}% 63
\BOOKMARK [3][-]{subsubsection.6.9.2.11}{\376\377\0006\000.\0009\000.\0002\000.\0001\0001\000\040\000u\000p\000d\000a\000t\000e\000P\000r\000o\000g\000r\000e\000s\000s}{subsection.6.9.2}% 64
\BOOKMARK [0][-]{chapter.7}{\376\377\0007\000\040\004\032\004\073\004\060\004\101\004\101\004\113}{}% 65
\BOOKMARK [1][-]{section.7.1}{\376\377\0007\000.\0001\000\040\004\032\004\073\004\060\004\101\004\101\000\040\000C\000o\000n\000f\000i\000g\000u\000r\000a\000t\000o\000r}{chapter.7}% 66
\BOOKMARK [2][-]{subsection.7.1.1}{\376\377\0007\000.\0001\000.\0001\000\040\004\037\004\076\004\064\004\100\004\076\004\061\004\075\004\076\004\065\000\040\004\076\004\077\004\070\004\101\004\060\004\075\004\070\004\065}{section.7.1}% 67
\BOOKMARK [1][-]{section.7.2}{\376\377\0007\000.\0002\000\040\004\032\004\073\004\060\004\101\004\101\000\040\000R\000a\000d\000i\000o\000o\000o\000o\000o}{chapter.7}% 68
\BOOKMARK [2][-]{subsection.7.2.1}{\376\377\0007\000.\0002\000.\0001\000\040\004\037\004\076\004\064\004\100\004\076\004\061\004\075\004\076\004\065\000\040\004\076\004\077\004\070\004\101\004\060\004\075\004\070\004\065}{section.7.2}% 69
\BOOKMARK [0][-]{section*.32}{\376\377\004\037\004\100\004\065\004\064\004\074\004\065\004\102\004\075\004\113\004\071\000\040\004\103\004\072\004\060\004\067\004\060\004\102\004\065\004\073\004\114}{}% 70
